# JRE version: OpenJDK Runtime Environment Temurin-21.0.6+7 (21.0.6+7) (build 21.0.6+7-LTS)
# Java VM: OpenJDK 64-Bit Server VM Temurin-21.0.6+7 (21.0.6+7-LTS, mixed mode, sharing, tiered, compressed oops, compressed class ptrs, parallel gc, windows-amd64)
GC Precious Log:
 CardTable entry size: 512
 CPUs: 8 total, 8 available
 Memory: 5965M
 Large Page Support: Disabled
 NUMA Support: Disabled
 Compressed Oops: Enabled (32-bit)
 Alignments: Space 512K, Generation 512K, Heap 2M
 Heap Min Capacity: 100M
 Heap Initial Capacity: 100M
 Heap Max Capacity: 1G
 Pre-touch: Disabled
 Parallel Workers: 8
Heap:
 PSYoungGen      total 3072K, used 966K [0x00000000eab00000, 0x00000000eae80000, 0x0000000100000000)
  eden space 2560K, 25% used [0x00000000eab00000,0x00000000eaba1b10,0x00000000ead80000)
  from space 512K, 62% used [0x00000000eae00000,0x00000000eae50000,0x00000000eae80000)
  to   space 512K, 0% used [0x00000000ead80000,0x00000000ead80000,0x00000000eae00000)
 ParOldGen       total 422912K, used 422881K [0x00000000c0000000, 0x00000000d9d00000, 0x00000000eab00000)
  object space 422912K, 99% used [0x00000000c0000000,0x00000000d9cf8450,0x00000000d9d00000)
 Metaspace       used 61993K, committed 63296K, reserved 1114112K
  class space    used 6230K, committed 6784K, reserved 1048576K
GC Heap History (20 events):
Event: 184.256 GC heap after
{Heap after GC invocations=590 (full 3):
 PSYoungGen      total 2560K, used 384K [0x00000000eab00000, 0x00000000eae00000, 0x0000000100000000)
  eden space 2048K, 0% used [0x00000000eab00000,0x00000000eab00000,0x00000000ead00000)
  from space 512K, 75% used [0x00000000ead00000,0x00000000ead60000,0x00000000ead80000)
  to   space 512K, 0% used [0x00000000ead80000,0x00000000ead80000,0x00000000eae00000)
 ParOldGen       total 420352K, used 420129K [0x00000000c0000000, 0x00000000d9a80000, 0x00000000eab00000)
  object space 420352K, 99% used [0x00000000c0000000,0x00000000d9a48450,0x00000000d9a80000)
 Metaspace       used 61993K, committed 63296K, reserved 1114112K
  class space    used 6230K, committed 6784K, reserved 1048576K
}
Event: 184.357 GC heap before
{Heap before GC invocations=591 (full 3):
 PSYoungGen      total 2560K, used 2432K [0x00000000eab00000, 0x00000000eae00000, 0x0000000100000000)
  eden space 2048K, 100% used [0x00000000eab00000,0x00000000ead00000,0x00000000ead00000)
  from space 512K, 75% used [0x00000000ead00000,0x00000000ead60000,0x00000000ead80000)
  to   space 512K, 0% used [0x00000000ead80000,0x00000000ead80000,0x00000000eae00000)
 ParOldGen       total 420352K, used 420129K [0x00000000c0000000, 0x00000000d9a80000, 0x00000000eab00000)
  object space 420352K, 99% used [0x00000000c0000000,0x00000000d9a48450,0x00000000d9a80000)
 Metaspace       used 61993K, committed 63296K, reserved 1114112K
  class space    used 6230K, committed 6784K, reserved 1048576K
}
Event: 184.359 GC heap after
{Heap after GC invocations=591 (full 3):
 PSYoungGen      total 2560K, used 384K [0x00000000eab00000, 0x00000000eae00000, 0x0000000100000000)
  eden space 2048K, 0% used [0x00000000eab00000,0x00000000eab00000,0x00000000ead00000)
  from space 512K, 75% used [0x00000000ead80000,0x00000000eade0000,0x00000000eae00000)
  to   space 512K, 0% used [0x00000000ead00000,0x00000000ead00000,0x00000000ead80000)
 ParOldGen       total 420864K, used 420393K [0x00000000c0000000, 0x00000000d9b00000, 0x00000000eab00000)
  object space 420864K, 99% used [0x00000000c0000000,0x00000000d9a8a450,0x00000000d9b00000)
 Metaspace       used 61993K, committed 63296K, reserved 1114112K
  class space    used 6230K, committed 6784K, reserved 1048576K
}
Event: 184.504 GC heap before
{Heap before GC invocations=592 (full 3):
 PSYoungGen      total 2560K, used 2432K [0x00000000eab00000, 0x00000000eae00000, 0x0000000100000000)
  eden space 2048K, 100% used [0x00000000eab00000,0x00000000ead00000,0x00000000ead00000)
  from space 512K, 75% used [0x00000000ead80000,0x00000000eade0000,0x00000000eae00000)
  to   space 512K, 0% used [0x00000000ead00000,0x00000000ead00000,0x00000000ead80000)
 ParOldGen       total 420864K, used 420393K [0x00000000c0000000, 0x00000000d9b00000, 0x00000000eab00000)
  object space 420864K, 99% used [0x00000000c0000000,0x00000000d9a8a450,0x00000000d9b00000)
 Metaspace       used 61993K, committed 63296K, reserved 1114112K
  class space    used 6230K, committed 6784K, reserved 1048576K
}
Event: 184.505 GC heap after
{Heap after GC invocations=592 (full 3):
 PSYoungGen      total 2560K, used 458K [0x00000000eab00000, 0x00000000eae00000, 0x0000000100000000)
  eden space 2048K, 0% used [0x00000000eab00000,0x00000000eab00000,0x00000000ead00000)
  from space 512K, 89% used [0x00000000ead00000,0x00000000ead72958,0x00000000ead80000)
  to   space 512K, 0% used [0x00000000ead80000,0x00000000ead80000,0x00000000eae00000)
 ParOldGen       total 420864K, used 420625K [0x00000000c0000000, 0x00000000d9b00000, 0x00000000eab00000)
  object space 420864K, 99% used [0x00000000c0000000,0x00000000d9ac4450,0x00000000d9b00000)
 Metaspace       used 61993K, committed 63296K, reserved 1114112K
  class space    used 6230K, committed 6784K, reserved 1048576K
}
Event: 185.146 GC heap before
{Heap before GC invocations=593 (full 3):
 PSYoungGen      total 2560K, used 2506K [0x00000000eab00000, 0x00000000eae00000, 0x0000000100000000)
  eden space 2048K, 100% used [0x00000000eab00000,0x00000000ead00000,0x00000000ead00000)
  from space 512K, 89% used [0x00000000ead00000,0x00000000ead72958,0x00000000ead80000)
  to   space 512K, 0% used [0x00000000ead80000,0x00000000ead80000,0x00000000eae00000)
 ParOldGen       total 420864K, used 420625K [0x00000000c0000000, 0x00000000d9b00000, 0x00000000eab00000)
  object space 420864K, 99% used [0x00000000c0000000,0x00000000d9ac4450,0x00000000d9b00000)
 Metaspace       used 61993K, committed 63296K, reserved 1114112K
  class space    used 6230K, committed 6784K, reserved 1048576K
}
Event: 185.154 GC heap after
{Heap after GC invocations=593 (full 3):
 PSYoungGen      total 2560K, used 374K [0x00000000eab00000, 0x00000000eae00000, 0x0000000100000000)
  eden space 2048K, 0% used [0x00000000eab00000,0x00000000eab00000,0x00000000ead00000)
  from space 512K, 73% used [0x00000000ead80000,0x00000000eadddba8,0x00000000eae00000)
  to   space 512K, 0% used [0x00000000ead00000,0x00000000ead00000,0x00000000ead80000)
 ParOldGen       total 421376K, used 420905K [0x00000000c0000000, 0x00000000d9b80000, 0x00000000eab00000)
  object space 421376K, 99% used [0x00000000c0000000,0x00000000d9b0a450,0x00000000d9b80000)
 Metaspace       used 61993K, committed 63296K, reserved 1114112K
  class space    used 6230K, committed 6784K, reserved 1048576K
}
Event: 185.338 GC heap before
{Heap before GC invocations=594 (full 3):
 PSYoungGen      total 2560K, used 2422K [0x00000000eab00000, 0x00000000eae00000, 0x0000000100000000)
  eden space 2048K, 100% used [0x00000000eab00000,0x00000000ead00000,0x00000000ead00000)
  from space 512K, 73% used [0x00000000ead80000,0x00000000eadddba8,0x00000000eae00000)
  to   space 512K, 0% used [0x00000000ead00000,0x00000000ead00000,0x00000000ead80000)
 ParOldGen       total 421376K, used 420905K [0x00000000c0000000, 0x00000000d9b80000, 0x00000000eab00000)
  object space 421376K, 99% used [0x00000000c0000000,0x00000000d9b0a450,0x00000000d9b80000)
 Metaspace       used 61993K, committed 63296K, reserved 1114112K
  class space    used 6230K, committed 6784K, reserved 1048576K
}
Event: 185.390 GC heap after
{Heap after GC invocations=594 (full 3):
 PSYoungGen      total 2560K, used 352K [0x00000000eab00000, 0x00000000eae00000, 0x0000000100000000)
  eden space 2048K, 0% used [0x00000000eab00000,0x00000000eab00000,0x00000000ead00000)
  from space 512K, 68% used [0x00000000ead00000,0x00000000ead58000,0x00000000ead80000)
  to   space 512K, 0% used [0x00000000ead80000,0x00000000ead80000,0x00000000eae00000)
 ParOldGen       total 421376K, used 421193K [0x00000000c0000000, 0x00000000d9b80000, 0x00000000eab00000)
  object space 421376K, 99% used [0x00000000c0000000,0x00000000d9b52450,0x00000000d9b80000)
 Metaspace       used 61993K, committed 63296K, reserved 1114112K
  class space    used 6230K, committed 6784K, reserved 1048576K
}
Event: 185.709 GC heap before
{Heap before GC invocations=595 (full 3):
 PSYoungGen      total 2560K, used 2400K [0x00000000eab00000, 0x00000000eae00000, 0x0000000100000000)
  eden space 2048K, 100% used [0x00000000eab00000,0x00000000ead00000,0x00000000ead00000)
  from space 512K, 68% used [0x00000000ead00000,0x00000000ead58000,0x00000000ead80000)
  to   space 512K, 0% used [0x00000000ead80000,0x00000000ead80000,0x00000000eae00000)
 ParOldGen       total 421376K, used 421193K [0x00000000c0000000, 0x00000000d9b80000, 0x00000000eab00000)
  object space 421376K, 99% used [0x00000000c0000000,0x00000000d9b52450,0x00000000d9b80000)
 Metaspace       used 61993K, committed 63296K, reserved 1114112K
  class space    used 6230K, committed 6784K, reserved 1048576K
}
Event: 185.716 GC heap after
{Heap after GC invocations=595 (full 3):
 PSYoungGen      total 2560K, used 384K [0x00000000eab00000, 0x00000000eae00000, 0x0000000100000000)
  eden space 2048K, 0% used [0x00000000eab00000,0x00000000eab00000,0x00000000ead00000)
  from space 512K, 75% used [0x00000000ead80000,0x00000000eade0000,0x00000000eae00000)
  to   space 512K, 0% used [0x00000000ead00000,0x00000000ead00000,0x00000000ead80000)
 ParOldGen       total 421888K, used 421441K [0x00000000c0000000, 0x00000000d9c00000, 0x00000000eab00000)
  object space 421888K, 99% used [0x00000000c0000000,0x00000000d9b90450,0x00000000d9c00000)
 Metaspace       used 61993K, committed 63296K, reserved 1114112K
  class space    used 6230K, committed 6784K, reserved 1048576K
}
Event: 185.942 GC heap before
{Heap before GC invocations=596 (full 3):
 PSYoungGen      total 2560K, used 2432K [0x00000000eab00000, 0x00000000eae00000, 0x0000000100000000)
  eden space 2048K, 100% used [0x00000000eab00000,0x00000000ead00000,0x00000000ead00000)
  from space 512K, 75% used [0x00000000ead80000,0x00000000eade0000,0x00000000eae00000)
  to   space 512K, 0% used [0x00000000ead00000,0x00000000ead00000,0x00000000ead80000)
 ParOldGen       total 421888K, used 421441K [0x00000000c0000000, 0x00000000d9c00000, 0x00000000eab00000)
  object space 421888K, 99% used [0x00000000c0000000,0x00000000d9b90450,0x00000000d9c00000)
 Metaspace       used 61993K, committed 63296K, reserved 1114112K
  class space    used 6230K, committed 6784K, reserved 1048576K
}
Event: 185.946 GC heap after
{Heap after GC invocations=596 (full 3):
 PSYoungGen      total 2560K, used 352K [0x00000000eab00000, 0x00000000eae00000, 0x0000000100000000)
  eden space 2048K, 0% used [0x00000000eab00000,0x00000000eab00000,0x00000000ead00000)
  from space 512K, 68% used [0x00000000ead00000,0x00000000ead58000,0x00000000ead80000)
  to   space 512K, 0% used [0x00000000ead80000,0x00000000ead80000,0x00000000eae00000)
 ParOldGen       total 421888K, used 421681K [0x00000000c0000000, 0x00000000d9c00000, 0x00000000eab00000)
  object space 421888K, 99% used [0x00000000c0000000,0x00000000d9bcc450,0x00000000d9c00000)
 Metaspace       used 61993K, committed 63296K, reserved 1114112K
  class space    used 6230K, committed 6784K, reserved 1048576K
}
Event: 186.057 GC heap before
{Heap before GC invocations=597 (full 3):
 PSYoungGen      total 2560K, used 2394K [0x00000000eab00000, 0x00000000eae00000, 0x0000000100000000)
  eden space 2048K, 99% used [0x00000000eab00000,0x00000000eacfe840,0x00000000ead00000)
  from space 512K, 68% used [0x00000000ead00000,0x00000000ead58000,0x00000000ead80000)
  to   space 512K, 0% used [0x00000000ead80000,0x00000000ead80000,0x00000000eae00000)
 ParOldGen       total 421888K, used 421681K [0x00000000c0000000, 0x00000000d9c00000, 0x00000000eab00000)
  object space 421888K, 99% used [0x00000000c0000000,0x00000000d9bcc450,0x00000000d9c00000)
 Metaspace       used 61993K, committed 63296K, reserved 1114112K
  class space    used 6230K, committed 6784K, reserved 1048576K
}
Event: 186.058 GC heap after
{Heap after GC invocations=597 (full 3):
 PSYoungGen      total 2560K, used 288K [0x00000000eab00000, 0x00000000eae00000, 0x0000000100000000)
  eden space 2048K, 0% used [0x00000000eab00000,0x00000000eab00000,0x00000000ead00000)
  from space 512K, 56% used [0x00000000ead80000,0x00000000eadc8000,0x00000000eae00000)
  to   space 512K, 0% used [0x00000000ead00000,0x00000000ead00000,0x00000000ead80000)
 ParOldGen       total 422400K, used 421913K [0x00000000c0000000, 0x00000000d9c80000, 0x00000000eab00000)
  object space 422400K, 99% used [0x00000000c0000000,0x00000000d9c06450,0x00000000d9c80000)
 Metaspace       used 61993K, committed 63296K, reserved 1114112K
  class space    used 6230K, committed 6784K, reserved 1048576K
}
Event: 186.115 GC heap before
{Heap before GC invocations=598 (full 3):
 PSYoungGen      total 2560K, used 2336K [0x00000000eab00000, 0x00000000eae00000, 0x0000000100000000)
  eden space 2048K, 100% used [0x00000000eab00000,0x00000000ead00000,0x00000000ead00000)
  from space 512K, 56% used [0x00000000ead80000,0x00000000eadc8000,0x00000000eae00000)
  to   space 512K, 0% used [0x00000000ead00000,0x00000000ead00000,0x00000000ead80000)
 ParOldGen       total 422400K, used 421913K [0x00000000c0000000, 0x00000000d9c80000, 0x00000000eab00000)
  object space 422400K, 99% used [0x00000000c0000000,0x00000000d9c06450,0x00000000d9c80000)
 Metaspace       used 61993K, committed 63296K, reserved 1114112K
  class space    used 6230K, committed 6784K, reserved 1048576K
}
Event: 186.117 GC heap after
{Heap after GC invocations=598 (full 3):
 PSYoungGen      total 2560K, used 288K [0x00000000eab00000, 0x00000000eae00000, 0x0000000100000000)
  eden space 2048K, 0% used [0x00000000eab00000,0x00000000eab00000,0x00000000ead00000)
  from space 512K, 56% used [0x00000000ead00000,0x00000000ead48000,0x00000000ead80000)
  to   space 512K, 0% used [0x00000000ead80000,0x00000000ead80000,0x00000000eae00000)
 ParOldGen       total 422400K, used 422129K [0x00000000c0000000, 0x00000000d9c80000, 0x00000000eab00000)
  object space 422400K, 99% used [0x00000000c0000000,0x00000000d9c3c450,0x00000000d9c80000)
 Metaspace       used 61993K, committed 63296K, reserved 1114112K
  class space    used 6230K, committed 6784K, reserved 1048576K
}
Event: 186.185 GC heap before
{Heap before GC invocations=599 (full 3):
 PSYoungGen      total 2560K, used 2327K [0x00000000eab00000, 0x00000000eae00000, 0x0000000100000000)
  eden space 2048K, 99% used [0x00000000eab00000,0x00000000eacfdee0,0x00000000ead00000)
  from space 512K, 56% used [0x00000000ead00000,0x00000000ead48000,0x00000000ead80000)
  to   space 512K, 0% used [0x00000000ead80000,0x00000000ead80000,0x00000000eae00000)
 ParOldGen       total 422400K, used 422129K [0x00000000c0000000, 0x00000000d9c80000, 0x00000000eab00000)
  object space 422400K, 99% used [0x00000000c0000000,0x00000000d9c3c450,0x00000000d9c80000)
 Metaspace       used 61993K, committed 63296K, reserved 1114112K
  class space    used 6230K, committed 6784K, reserved 1048576K
}
Event: 186.188 GC heap after
{Heap after GC invocations=599 (full 3):
 PSYoungGen      total 2560K, used 400K [0x00000000eab00000, 0x00000000eae00000, 0x0000000100000000)
  eden space 2048K, 0% used [0x00000000eab00000,0x00000000eab00000,0x00000000ead00000)
  from space 512K, 78% used [0x00000000ead80000,0x00000000eade4030,0x00000000eae00000)
  to   space 512K, 0% used [0x00000000ead00000,0x00000000ead00000,0x00000000ead80000)
 ParOldGen       total 422400K, used 422337K [0x00000000c0000000, 0x00000000d9c80000, 0x00000000eab00000)
  object space 422400K, 99% used [0x00000000c0000000,0x00000000d9c70450,0x00000000d9c80000)
 Metaspace       used 61993K, committed 63296K, reserved 1114112K
  class space    used 6230K, committed 6784K, reserved 1048576K
}
Event: 186.363 GC heap before
{Heap before GC invocations=600 (full 3):
 PSYoungGen      total 2560K, used 2448K [0x00000000eab00000, 0x00000000eae00000, 0x0000000100000000)
  eden space 2048K, 100% used [0x00000000eab00000,0x00000000ead00000,0x00000000ead00000)
  from space 512K, 78% used [0x00000000ead80000,0x00000000eade4030,0x00000000eae00000)
  to   space 512K, 0% used [0x00000000ead00000,0x00000000ead00000,0x00000000ead80000)
 ParOldGen       total 422400K, used 422337K [0x00000000c0000000, 0x00000000d9c80000, 0x00000000eab00000)
  object space 422400K, 99% used [0x00000000c0000000,0x00000000d9c70450,0x00000000d9c80000)
 Metaspace       used 61993K, committed 63296K, reserved 1114112K
  class space    used 6230K, committed 6784K, reserved 1048576K
}

