# JRE version: OpenJDK Runtime Environment Temurin-21.0.6+7 (21.0.6+7) (build 21.0.6+7-LTS)
# Java VM: OpenJDK 64-Bit Server VM Temurin-21.0.6+7 (21.0.6+7-LTS, mixed mode, sharing, tiered, compressed oops, compressed class ptrs, parallel gc, windows-amd64)
GC Precious Log:
 CardTable entry size: 512
 CPUs: 8 total, 8 available
 Memory: 5965M
 Large Page Support: Disabled
 NUMA Support: Disabled
 Compressed Oops: Enabled (32-bit)
 Alignments: Space 512K, Generation 512K, Heap 2M
 Heap Min Capacity: 100M
 Heap Initial Capacity: 100M
 Heap Max Capacity: 1G
 Pre-touch: Disabled
 Parallel Workers: 8
Heap:
 PSYoungGen      total 23040K, used 10521K [0x00000000eab00000, 0x00000000ec680000, 0x0000000100000000)
  eden space 22016K, 44% used [0x00000000eab00000,0x00000000eb494480,0x00000000ec080000)
  from space 1024K, 71% used [0x00000000ec480000,0x00000000ec538000,0x00000000ec580000)
  to   space 1024K, 0% used [0x00000000ec580000,0x00000000ec580000,0x00000000ec680000)
 ParOldGen       total 68608K, used 46417K [0x00000000c0000000, 0x00000000c4300000, 0x00000000eab00000)
  object space 68608K, 67% used [0x00000000c0000000,0x00000000c2d546f0,0x00000000c4300000)
 Metaspace       used 39254K, committed 40256K, reserved 1114112K
  class space    used 3848K, committed 4288K, reserved 1048576K
GC Heap History (20 events):
Event: 23.337 GC heap before
{Heap before GC invocations=20 (full 1):
 PSYoungGen      total 24576K, used 24320K [0x00000000eab00000, 0x00000000ecb80000, 0x0000000100000000)
  eden space 22016K, 100% used [0x00000000eab00000,0x00000000ec080000,0x00000000ec080000)
  from space 2560K, 90% used [0x00000000ec900000,0x00000000ecb40010,0x00000000ecb80000)
  to   space 2560K, 0% used [0x00000000ec680000,0x00000000ec680000,0x00000000ec900000)
 ParOldGen       total 68608K, used 37385K [0x00000000c0000000, 0x00000000c4300000, 0x00000000eab00000)
  object space 68608K, 54% used [0x00000000c0000000,0x00000000c24826c8,0x00000000c4300000)
 Metaspace       used 31638K, committed 32576K, reserved 1114112K
  class space    used 3102K, committed 3520K, reserved 1048576K
}
Event: 23.343 GC heap after
{Heap after GC invocations=20 (full 1):
 PSYoungGen      total 24576K, used 2052K [0x00000000eab00000, 0x00000000ec980000, 0x0000000100000000)
  eden space 22016K, 0% used [0x00000000eab00000,0x00000000eab00000,0x00000000ec080000)
  from space 2560K, 80% used [0x00000000ec680000,0x00000000ec881000,0x00000000ec900000)
  to   space 512K, 0% used [0x00000000ec900000,0x00000000ec900000,0x00000000ec980000)
 ParOldGen       total 68608K, used 39568K [0x00000000c0000000, 0x00000000c4300000, 0x00000000eab00000)
  object space 68608K, 57% used [0x00000000c0000000,0x00000000c26a4088,0x00000000c4300000)
 Metaspace       used 31638K, committed 32576K, reserved 1114112K
  class space    used 3102K, committed 3520K, reserved 1048576K
}
Event: 23.476 GC heap before
{Heap before GC invocations=21 (full 1):
 PSYoungGen      total 24576K, used 24068K [0x00000000eab00000, 0x00000000ec980000, 0x0000000100000000)
  eden space 22016K, 100% used [0x00000000eab00000,0x00000000ec080000,0x00000000ec080000)
  from space 2560K, 80% used [0x00000000ec680000,0x00000000ec881000,0x00000000ec900000)
  to   space 512K, 0% used [0x00000000ec900000,0x00000000ec900000,0x00000000ec980000)
 ParOldGen       total 68608K, used 39568K [0x00000000c0000000, 0x00000000c4300000, 0x00000000eab00000)
  object space 68608K, 57% used [0x00000000c0000000,0x00000000c26a4088,0x00000000c4300000)
 Metaspace       used 31659K, committed 32576K, reserved 1114112K
  class space    used 3102K, committed 3520K, reserved 1048576K
}
Event: 23.481 GC heap after
{Heap after GC invocations=21 (full 1):
 PSYoungGen      total 22528K, used 512K [0x00000000eab00000, 0x00000000ec980000, 0x0000000100000000)
  eden space 22016K, 0% used [0x00000000eab00000,0x00000000eab00000,0x00000000ec080000)
  from space 512K, 100% used [0x00000000ec900000,0x00000000ec980000,0x00000000ec980000)
  to   space 4608K, 0% used [0x00000000ec080000,0x00000000ec080000,0x00000000ec500000)
 ParOldGen       total 68608K, used 43037K [0x00000000c0000000, 0x00000000c4300000, 0x00000000eab00000)
  object space 68608K, 62% used [0x00000000c0000000,0x00000000c2a076c0,0x00000000c4300000)
 Metaspace       used 31659K, committed 32576K, reserved 1114112K
  class space    used 3102K, committed 3520K, reserved 1048576K
}
Event: 23.754 GC heap before
{Heap before GC invocations=22 (full 1):
 PSYoungGen      total 22528K, used 22528K [0x00000000eab00000, 0x00000000ec980000, 0x0000000100000000)
  eden space 22016K, 100% used [0x00000000eab00000,0x00000000ec080000,0x00000000ec080000)
  from space 512K, 100% used [0x00000000ec900000,0x00000000ec980000,0x00000000ec980000)
  to   space 4608K, 0% used [0x00000000ec080000,0x00000000ec080000,0x00000000ec500000)
 ParOldGen       total 68608K, used 43037K [0x00000000c0000000, 0x00000000c4300000, 0x00000000eab00000)
  object space 68608K, 62% used [0x00000000c0000000,0x00000000c2a076c0,0x00000000c4300000)
 Metaspace       used 31715K, committed 32640K, reserved 1114112K
  class space    used 3104K, committed 3520K, reserved 1048576K
}
Event: 23.761 GC heap after
{Heap after GC invocations=22 (full 1):
 PSYoungGen      total 26624K, used 1880K [0x00000000eab00000, 0x00000000ec980000, 0x0000000100000000)
  eden space 22016K, 0% used [0x00000000eab00000,0x00000000eab00000,0x00000000ec080000)
  from space 4608K, 40% used [0x00000000ec080000,0x00000000ec256200,0x00000000ec500000)
  to   space 3072K, 0% used [0x00000000ec680000,0x00000000ec680000,0x00000000ec980000)
 ParOldGen       total 68608K, used 43573K [0x00000000c0000000, 0x00000000c4300000, 0x00000000eab00000)
  object space 68608K, 63% used [0x00000000c0000000,0x00000000c2a8d6c0,0x00000000c4300000)
 Metaspace       used 31715K, committed 32640K, reserved 1114112K
  class space    used 3104K, committed 3520K, reserved 1048576K
}
Event: 24.476 GC heap before
{Heap before GC invocations=23 (full 1):
 PSYoungGen      total 26624K, used 23896K [0x00000000eab00000, 0x00000000ec980000, 0x0000000100000000)
  eden space 22016K, 100% used [0x00000000eab00000,0x00000000ec080000,0x00000000ec080000)
  from space 4608K, 40% used [0x00000000ec080000,0x00000000ec256200,0x00000000ec500000)
  to   space 3072K, 0% used [0x00000000ec680000,0x00000000ec680000,0x00000000ec980000)
 ParOldGen       total 68608K, used 43573K [0x00000000c0000000, 0x00000000c4300000, 0x00000000eab00000)
  object space 68608K, 63% used [0x00000000c0000000,0x00000000c2a8d6c0,0x00000000c4300000)
 Metaspace       used 33764K, committed 34688K, reserved 1114112K
  class space    used 3356K, committed 3776K, reserved 1048576K
}
Event: 24.480 GC heap after
{Heap after GC invocations=23 (full 1):
 PSYoungGen      total 23552K, used 1349K [0x00000000eab00000, 0x00000000ec800000, 0x0000000100000000)
  eden space 22016K, 0% used [0x00000000eab00000,0x00000000eab00000,0x00000000ec080000)
  from space 1536K, 87% used [0x00000000ec680000,0x00000000ec7d1558,0x00000000ec800000)
  to   space 2048K, 0% used [0x00000000ec400000,0x00000000ec400000,0x00000000ec600000)
 ParOldGen       total 68608K, used 45374K [0x00000000c0000000, 0x00000000c4300000, 0x00000000eab00000)
  object space 68608K, 66% used [0x00000000c0000000,0x00000000c2c4f8c0,0x00000000c4300000)
 Metaspace       used 33764K, committed 34688K, reserved 1114112K
  class space    used 3356K, committed 3776K, reserved 1048576K
}
Event: 24.652 GC heap before
{Heap before GC invocations=24 (full 1):
 PSYoungGen      total 23552K, used 23332K [0x00000000eab00000, 0x00000000ec800000, 0x0000000100000000)
  eden space 22016K, 99% used [0x00000000eab00000,0x00000000ec077af0,0x00000000ec080000)
  from space 1536K, 87% used [0x00000000ec680000,0x00000000ec7d1558,0x00000000ec800000)
  to   space 2048K, 0% used [0x00000000ec400000,0x00000000ec400000,0x00000000ec600000)
 ParOldGen       total 68608K, used 45374K [0x00000000c0000000, 0x00000000c4300000, 0x00000000eab00000)
  object space 68608K, 66% used [0x00000000c0000000,0x00000000c2c4f8c0,0x00000000c4300000)
 Metaspace       used 33802K, committed 34688K, reserved 1114112K
  class space    used 3356K, committed 3776K, reserved 1048576K
}
Event: 24.655 GC heap after
{Heap after GC invocations=24 (full 1):
 PSYoungGen      total 24064K, used 670K [0x00000000eab00000, 0x00000000ec700000, 0x0000000100000000)
  eden space 22016K, 0% used [0x00000000eab00000,0x00000000eab00000,0x00000000ec080000)
  from space 2048K, 32% used [0x00000000ec400000,0x00000000ec4a7898,0x00000000ec600000)
  to   space 1024K, 0% used [0x00000000ec600000,0x00000000ec600000,0x00000000ec700000)
 ParOldGen       total 68608K, used 46647K [0x00000000c0000000, 0x00000000c4300000, 0x00000000eab00000)
  object space 68608K, 67% used [0x00000000c0000000,0x00000000c2d8ddd8,0x00000000c4300000)
 Metaspace       used 33802K, committed 34688K, reserved 1114112K
  class space    used 3356K, committed 3776K, reserved 1048576K
}
Event: 25.314 GC heap before
{Heap before GC invocations=25 (full 1):
 PSYoungGen      total 24064K, used 18043K [0x00000000eab00000, 0x00000000ec700000, 0x0000000100000000)
  eden space 22016K, 78% used [0x00000000eab00000,0x00000000ebbf7598,0x00000000ec080000)
  from space 2048K, 32% used [0x00000000ec400000,0x00000000ec4a7898,0x00000000ec600000)
  to   space 1024K, 0% used [0x00000000ec600000,0x00000000ec600000,0x00000000ec700000)
 ParOldGen       total 68608K, used 46647K [0x00000000c0000000, 0x00000000c4300000, 0x00000000eab00000)
  object space 68608K, 67% used [0x00000000c0000000,0x00000000c2d8ddd8,0x00000000c4300000)
 Metaspace       used 34947K, committed 35840K, reserved 1114112K
  class space    used 3466K, committed 3904K, reserved 1048576K
}
Event: 25.316 GC heap after
{Heap after GC invocations=25 (full 1):
 PSYoungGen      total 22528K, used 352K [0x00000000eab00000, 0x00000000ec680000, 0x0000000100000000)
  eden space 22016K, 0% used [0x00000000eab00000,0x00000000eab00000,0x00000000ec080000)
  from space 512K, 68% used [0x00000000ec600000,0x00000000ec658010,0x00000000ec680000)
  to   space 1024K, 0% used [0x00000000ec480000,0x00000000ec480000,0x00000000ec580000)
 ParOldGen       total 68608K, used 46671K [0x00000000c0000000, 0x00000000c4300000, 0x00000000eab00000)
  object space 68608K, 68% used [0x00000000c0000000,0x00000000c2d93dd8,0x00000000c4300000)
 Metaspace       used 34947K, committed 35840K, reserved 1114112K
  class space    used 3466K, committed 3904K, reserved 1048576K
}
Event: 25.316 GC heap before
{Heap before GC invocations=26 (full 2):
 PSYoungGen      total 22528K, used 352K [0x00000000eab00000, 0x00000000ec680000, 0x0000000100000000)
  eden space 22016K, 0% used [0x00000000eab00000,0x00000000eab00000,0x00000000ec080000)
  from space 512K, 68% used [0x00000000ec600000,0x00000000ec658010,0x00000000ec680000)
  to   space 1024K, 0% used [0x00000000ec480000,0x00000000ec480000,0x00000000ec580000)
 ParOldGen       total 68608K, used 46671K [0x00000000c0000000, 0x00000000c4300000, 0x00000000eab00000)
  object space 68608K, 68% used [0x00000000c0000000,0x00000000c2d93dd8,0x00000000c4300000)
 Metaspace       used 34947K, committed 35840K, reserved 1114112K
  class space    used 3466K, committed 3904K, reserved 1048576K
}
Event: 25.396 GC heap after
{Heap after GC invocations=26 (full 2):
 PSYoungGen      total 22528K, used 0K [0x00000000eab00000, 0x00000000ec680000, 0x0000000100000000)
  eden space 22016K, 0% used [0x00000000eab00000,0x00000000eab00000,0x00000000ec080000)
  from space 512K, 0% used [0x00000000ec600000,0x00000000ec600000,0x00000000ec680000)
  to   space 1024K, 0% used [0x00000000ec480000,0x00000000ec480000,0x00000000ec580000)
 ParOldGen       total 68608K, used 45576K [0x00000000c0000000, 0x00000000c4300000, 0x00000000eab00000)
  object space 68608K, 66% used [0x00000000c0000000,0x00000000c2c82250,0x00000000c4300000)
 Metaspace       used 34947K, committed 35840K, reserved 1114112K
  class space    used 3466K, committed 3904K, reserved 1048576K
}
Event: 26.596 GC heap before
{Heap before GC invocations=27 (full 2):
 PSYoungGen      total 22528K, used 22016K [0x00000000eab00000, 0x00000000ec680000, 0x0000000100000000)
  eden space 22016K, 100% used [0x00000000eab00000,0x00000000ec080000,0x00000000ec080000)
  from space 512K, 0% used [0x00000000ec600000,0x00000000ec600000,0x00000000ec680000)
  to   space 1024K, 0% used [0x00000000ec480000,0x00000000ec480000,0x00000000ec580000)
 ParOldGen       total 68608K, used 45576K [0x00000000c0000000, 0x00000000c4300000, 0x00000000eab00000)
  object space 68608K, 66% used [0x00000000c0000000,0x00000000c2c82250,0x00000000c4300000)
 Metaspace       used 35818K, committed 36736K, reserved 1114112K
  class space    used 3578K, committed 3968K, reserved 1048576K
}
Event: 26.597 GC heap after
{Heap after GC invocations=27 (full 2):
 PSYoungGen      total 23040K, used 448K [0x00000000eab00000, 0x00000000ec680000, 0x0000000100000000)
  eden space 22016K, 0% used [0x00000000eab00000,0x00000000eab00000,0x00000000ec080000)
  from space 1024K, 43% used [0x00000000ec480000,0x00000000ec4f0010,0x00000000ec580000)
  to   space 512K, 0% used [0x00000000ec600000,0x00000000ec600000,0x00000000ec680000)
 ParOldGen       total 68608K, used 45584K [0x00000000c0000000, 0x00000000c4300000, 0x00000000eab00000)
  object space 68608K, 66% used [0x00000000c0000000,0x00000000c2c84250,0x00000000c4300000)
 Metaspace       used 35818K, committed 36736K, reserved 1114112K
  class space    used 3578K, committed 3968K, reserved 1048576K
}
Event: 28.311 GC heap before
{Heap before GC invocations=28 (full 2):
 PSYoungGen      total 23040K, used 22464K [0x00000000eab00000, 0x00000000ec680000, 0x0000000100000000)
  eden space 22016K, 100% used [0x00000000eab00000,0x00000000ec080000,0x00000000ec080000)
  from space 1024K, 43% used [0x00000000ec480000,0x00000000ec4f0010,0x00000000ec580000)
  to   space 512K, 0% used [0x00000000ec600000,0x00000000ec600000,0x00000000ec680000)
 ParOldGen       total 68608K, used 45584K [0x00000000c0000000, 0x00000000c4300000, 0x00000000eab00000)
  object space 68608K, 66% used [0x00000000c0000000,0x00000000c2c84250,0x00000000c4300000)
 Metaspace       used 38056K, committed 39040K, reserved 1114112K
  class space    used 3741K, committed 4160K, reserved 1048576K
}
Event: 28.318 GC heap after
{Heap after GC invocations=28 (full 2):
 PSYoungGen      total 22528K, used 512K [0x00000000eab00000, 0x00000000ec680000, 0x0000000100000000)
  eden space 22016K, 0% used [0x00000000eab00000,0x00000000eab00000,0x00000000ec080000)
  from space 512K, 100% used [0x00000000ec600000,0x00000000ec680000,0x00000000ec680000)
  to   space 1024K, 0% used [0x00000000ec480000,0x00000000ec480000,0x00000000ec580000)
 ParOldGen       total 68608K, used 45949K [0x00000000c0000000, 0x00000000c4300000, 0x00000000eab00000)
  object space 68608K, 66% used [0x00000000c0000000,0x00000000c2cdf4d0,0x00000000c4300000)
 Metaspace       used 38056K, committed 39040K, reserved 1114112K
  class space    used 3741K, committed 4160K, reserved 1048576K
}
Event: 29.440 GC heap before
{Heap before GC invocations=29 (full 2):
 PSYoungGen      total 22528K, used 22528K [0x00000000eab00000, 0x00000000ec680000, 0x0000000100000000)
  eden space 22016K, 100% used [0x00000000eab00000,0x00000000ec080000,0x00000000ec080000)
  from space 512K, 100% used [0x00000000ec600000,0x00000000ec680000,0x00000000ec680000)
  to   space 1024K, 0% used [0x00000000ec480000,0x00000000ec480000,0x00000000ec580000)
 ParOldGen       total 68608K, used 45949K [0x00000000c0000000, 0x00000000c4300000, 0x00000000eab00000)
  object space 68608K, 66% used [0x00000000c0000000,0x00000000c2cdf4d0,0x00000000c4300000)
 Metaspace       used 38575K, committed 39552K, reserved 1114112K
  class space    used 3787K, committed 4224K, reserved 1048576K
}
Event: 29.442 GC heap after
{Heap after GC invocations=29 (full 2):
 PSYoungGen      total 23040K, used 736K [0x00000000eab00000, 0x00000000ec680000, 0x0000000100000000)
  eden space 22016K, 0% used [0x00000000eab00000,0x00000000eab00000,0x00000000ec080000)
  from space 1024K, 71% used [0x00000000ec480000,0x00000000ec538000,0x00000000ec580000)
  to   space 1024K, 0% used [0x00000000ec580000,0x00000000ec580000,0x00000000ec680000)
 ParOldGen       total 68608K, used 46417K [0x00000000c0000000, 0x00000000c4300000, 0x00000000eab00000)
  object space 68608K, 67% used [0x00000000c0000000,0x00000000c2d546f0,0x00000000c4300000)
 Metaspace       used 38575K, committed 39552K, reserved 1114112K
  class space    used 3787K, committed 4224K, reserved 1048576K
}

